<?xml version="1.0" encoding="UTF-8"?>
<!-- Generated by org.testng.reporters.JUnitReportReporter -->
<testsuite hostname="sandhiya" failures="0" tests="3" name="tests.SubmitOrderTest" time="27.193" errors="0" timestamp="2024-06-06T21:35:11 IST" skipped="0">
  <testcase classname="tests.SubmitOrderTest" name="submitOrder" time="9.107"/>
  <testcase classname="tests.SubmitOrderTest" name="submitOrder" time="9.995"/>
  <testcase classname="tests.SubmitOrderTest" name="orderHistoryTest" time="8.091"/>
</testsuite> <!-- tests.SubmitOrderTest -->
